app/build/intermediates/manifest_merge_blame_file/debug/manifest-merger-blame-debug-report.txt
1<?xml version="1.0" encoding="utf-8"?>
2<manifest xmlns:android="http://schemas.android.com/apk/res/android"
3    package="com.example.lesson4u"
4    android:versionCode="1"
5    android:versionName="1.0" >
6
7    <uses-sdk
8        android:minSdkVersion="16"
8-->src\main\AndroidManifest.xml
9        android:targetSdkVersion="30" />
9-->src\main\AndroidManifest.xml
10
11    <!-- Although the *SdkVersion is captured in gradle build files, this is required for non gradle builds -->
12    <!-- <uses-sdk android:minSdkVersion="14"/> -->
13    <uses-permission android:name="android.permission.ACCESS_NETWORK_STATE" />
13-->[com.google.firebase:firebase-database:19.2.1] AndroidManifest.xml:25:5-79
13-->[com.google.firebase:firebase-database:19.2.1] AndroidManifest.xml:25:22-76
14    <uses-permission android:name="android.permission.INTERNET" />
14-->[com.google.firebase:firebase-database:19.2.1] AndroidManifest.xml:26:5-67
14-->[com.google.firebase:firebase-database:19.2.1] AndroidManifest.xml:26:22-64
15
16    <application
16-->src\main\AndroidManifest.xml:5:5-33:19
17        android:allowBackup="true"
17-->src\main\AndroidManifest.xml:6:9-35
18        android:appComponentFactory="androidx.core.app.CoreComponentFactory"
18-->[androidx.core:core:1.1.0] AndroidManifest.xml:24:18-86
19        android:debuggable="true"
20        android:icon="@mipmap/ic_launcher"
20-->src\main\AndroidManifest.xml:7:9-43
21        android:label="@string/app_name"
21-->src\main\AndroidManifest.xml:8:9-41
22        android:roundIcon="@mipmap/ic_launcher_round"
22-->src\main\AndroidManifest.xml:9:9-54
23        android:supportsRtl="true"
23-->src\main\AndroidManifest.xml:10:9-35
24        android:testOnly="true"
25        android:theme="@style/Theme.Lesson4U" >
25-->src\main\AndroidManifest.xml:11:9-46
26        <activity android:name="com.example.lesson4u.LessonDetailsActivity" />
26-->src\main\AndroidManifest.xml:12:9-68
26-->src\main\AndroidManifest.xml:12:19-56
27        <activity android:name="com.example.lesson4u.LessonResults" />
27-->src\main\AndroidManifest.xml:13:9-51
27-->src\main\AndroidManifest.xml:13:19-48
28        <activity android:name="com.example.lesson4u.SearchForLessonsActivity" />
28-->src\main\AndroidManifest.xml:14:9-62
28-->src\main\AndroidManifest.xml:14:19-59
29        <activity android:name="com.example.lesson4u.AddLessonActivity" />
29-->src\main\AndroidManifest.xml:15:9-55
29-->src\main\AndroidManifest.xml:15:19-52
30        <activity android:name="com.example.lesson4u.ScheduledLessonsActivity" />
30-->src\main\AndroidManifest.xml:16:9-62
30-->src\main\AndroidManifest.xml:16:19-59
31        <activity android:name="com.example.lesson4u.ProfileActivity" />
31-->src\main\AndroidManifest.xml:17:9-53
31-->src\main\AndroidManifest.xml:17:19-50
32        <activity android:name="com.example.lesson4u.userRegistration" />
32-->src\main\AndroidManifest.xml:18:9-54
32-->src\main\AndroidManifest.xml:18:19-51
33        <activity android:name="com.example.lesson4u.LoginOrRegister" />
33-->src\main\AndroidManifest.xml:19:9-53
33-->src\main\AndroidManifest.xml:19:19-50
34        <activity android:name="com.example.lesson4u.RegisterActivity" />
34-->src\main\AndroidManifest.xml:20:9-54
34-->src\main\AndroidManifest.xml:20:19-51
35        <activity android:name="com.example.lesson4u.LoginActivity" />
35-->src\main\AndroidManifest.xml:21:9-51
35-->src\main\AndroidManifest.xml:21:19-48
36        <activity android:name="com.example.lesson4u.MainActivity" >
36-->src\main\AndroidManifest.xml:22:9-28:20
36-->src\main\AndroidManifest.xml:22:19-47
37            <intent-filter>
37-->src\main\AndroidManifest.xml:23:13-27:29
38                <action android:name="android.intent.action.MAIN" />
38-->src\main\AndroidManifest.xml:24:17-69
38-->src\main\AndroidManifest.xml:24:25-66
39
40                <category android:name="android.intent.category.LAUNCHER" />
40-->src\main\AndroidManifest.xml:26:17-77
40-->src\main\AndroidManifest.xml:26:27-74
41            </intent-filter>
42        </activity>
43
44        <meta-data
44-->src\main\AndroidManifest.xml:30:9-32:57
45            android:name="preloaded_fonts"
45-->src\main\AndroidManifest.xml:31:13-43
46            android:resource="@array/preloaded_fonts" />
46-->src\main\AndroidManifest.xml:32:13-54
47
48        <service
48-->[com.google.firebase:firebase-database:19.2.1] AndroidManifest.xml:29:9-35:19
49            android:name="com.google.firebase.components.ComponentDiscoveryService"
49-->[com.google.firebase:firebase-database:19.2.1] AndroidManifest.xml:30:13-84
50            android:directBootAware="true"
50-->[com.google.firebase:firebase-common:19.3.0] AndroidManifest.xml:34:13-43
51            android:exported="false" >
51-->[com.google.firebase:firebase-database:19.2.1] AndroidManifest.xml:31:13-37
52            <meta-data
52-->[com.google.firebase:firebase-database:19.2.1] AndroidManifest.xml:32:13-34:85
53                android:name="com.google.firebase.components:com.google.firebase.database.DatabaseRegistrar"
53-->[com.google.firebase:firebase-database:19.2.1] AndroidManifest.xml:33:17-109
54                android:value="com.google.firebase.components.ComponentRegistrar" />
54-->[com.google.firebase:firebase-database:19.2.1] AndroidManifest.xml:34:17-82
55            <meta-data
55-->[com.google.firebase:firebase-auth:19.3.1] AndroidManifest.xml:36:13-38:85
56                android:name="com.google.firebase.components:com.google.firebase.auth.FirebaseAuthRegistrar"
56-->[com.google.firebase:firebase-auth:19.3.1] AndroidManifest.xml:37:17-109
57                android:value="com.google.firebase.components.ComponentRegistrar" />
57-->[com.google.firebase:firebase-auth:19.3.1] AndroidManifest.xml:38:17-82
58        </service>
59
60        <activity
60-->[com.google.firebase:firebase-auth:19.3.1] AndroidManifest.xml:24:9-31:50
61            android:name="com.google.firebase.auth.internal.FederatedSignInActivity"
61-->[com.google.firebase:firebase-auth:19.3.1] AndroidManifest.xml:25:13-85
62            android:excludeFromRecents="true"
62-->[com.google.firebase:firebase-auth:19.3.1] AndroidManifest.xml:26:13-46
63            android:exported="true"
63-->[com.google.firebase:firebase-auth:19.3.1] AndroidManifest.xml:27:13-36
64            android:launchMode="singleTask"
64-->[com.google.firebase:firebase-auth:19.3.1] AndroidManifest.xml:28:13-44
65            android:permission="com.google.firebase.auth.api.gms.permission.LAUNCH_FEDERATED_SIGN_IN"
65-->[com.google.firebase:firebase-auth:19.3.1] AndroidManifest.xml:29:13-102
66            android:theme="@android:style/Theme.Translucent.NoTitleBar" />
66-->[com.google.firebase:firebase-auth:19.3.1] AndroidManifest.xml:30:13-72
67
68        <provider
68-->[com.google.firebase:firebase-common:19.3.0] AndroidManifest.xml:26:9-30:39
69            android:name="com.google.firebase.provider.FirebaseInitProvider"
69-->[com.google.firebase:firebase-common:19.3.0] AndroidManifest.xml:27:13-77
70            android:authorities="com.example.lesson4u.firebaseinitprovider"
70-->[com.google.firebase:firebase-common:19.3.0] AndroidManifest.xml:28:13-72
71            android:exported="false"
71-->[com.google.firebase:firebase-common:19.3.0] AndroidManifest.xml:29:13-37
72            android:initOrder="100" />
72-->[com.google.firebase:firebase-common:19.3.0] AndroidManifest.xml:30:13-36
73
74        <activity
74-->[com.google.android.gms:play-services-base:17.1.0] AndroidManifest.xml:23:9-26:75
75            android:name="com.google.android.gms.common.api.GoogleApiActivity"
75-->[com.google.android.gms:play-services-base:17.1.0] AndroidManifest.xml:24:13-79
76            android:exported="false"
76-->[com.google.android.gms:play-services-base:17.1.0] AndroidManifest.xml:25:13-37
77            android:theme="@android:style/Theme.Translucent.NoTitleBar" />
77-->[com.google.android.gms:play-services-base:17.1.0] AndroidManifest.xml:26:13-72
78
79        <meta-data
79-->[com.google.android.gms:play-services-basement:17.0.0] AndroidManifest.xml:23:9-25:69
80            android:name="com.google.android.gms.version"
80-->[com.google.android.gms:play-services-basement:17.0.0] AndroidManifest.xml:24:13-58
81            android:value="@integer/google_play_services_version" />
81-->[com.google.android.gms:play-services-basement:17.0.0] AndroidManifest.xml:25:13-66
82    </application>
83
84</manifest>